  [1m[35m (446.6ms)[0m  [1m[35mCREATE DATABASE "Cats99_development" ENCODING = 'unicode'[0m
  ↳ bin/rails:9
  [1m[35m (321.7ms)[0m  [1m[35mCREATE DATABASE "Cats99_test" ENCODING = 'unicode'[0m
  ↳ bin/rails:9
  [1m[35m (6.8ms)[0m  [1m[35mCREATE TABLE "schema_migrations" ("version" character varying NOT NULL PRIMARY KEY)[0m
  ↳ bin/rails:9
  [1m[35m (3.8ms)[0m  [1m[35mCREATE TABLE "ar_internal_metadata" ("key" character varying NOT NULL PRIMARY KEY, "value" character varying, "created_at" timestamp NOT NULL, "updated_at" timestamp NOT NULL)[0m
  ↳ bin/rails:9
  [1m[35m (0.3ms)[0m  [1m[34mSELECT pg_try_advisory_lock(6613552763082678525)[0m
  ↳ bin/rails:9
  [1m[35m (0.7ms)[0m  [1m[34mSELECT "schema_migrations"."version" FROM "schema_migrations" ORDER BY "schema_migrations"."version" ASC[0m
  ↳ bin/rails:9
Migrating to CreateCats (20180911181831)
  [1m[35m (0.5ms)[0m  [1m[34mSELECT pg_advisory_unlock(6613552763082678525)[0m
  ↳ bin/rails:9
  [1m[35m (0.5ms)[0m  [1m[34mSELECT pg_try_advisory_lock(6613552763082678525)[0m
  ↳ bin/rails:9
  [1m[35m (1.0ms)[0m  [1m[34mSELECT "schema_migrations"."version" FROM "schema_migrations" ORDER BY "schema_migrations"."version" ASC[0m
  ↳ bin/rails:9
Migrating to CreateCats (20180911181831)
  [1m[35m (0.3ms)[0m  [1m[35mBEGIN[0m
  ↳ bin/rails:9
  [1m[35m (106.2ms)[0m  [1m[35mCREATE TABLE "cats" ("id" bigserial primary key, "birth_date" date NOT NULL, "color" character varying NOT NULL, "name" character varying NOT NULL, "sex" character varying(1) NOT NULL, "description" text NOT NULL, "created_at" timestamp NOT NULL, "updated_at" timestamp NOT NULL)[0m
  ↳ db/migrate/20180911181831_create_cats.rb:3
  [1m[36mActiveRecord::SchemaMigration Create (0.7ms)[0m  [1m[32mINSERT INTO "schema_migrations" ("version") VALUES ($1) RETURNING "version"[0m  [["version", "20180911181831"]]
  ↳ bin/rails:9
  [1m[35m (1.0ms)[0m  [1m[35mCOMMIT[0m
  ↳ bin/rails:9
  [1m[36mActiveRecord::InternalMetadata Load (26.4ms)[0m  [1m[34mSELECT  "ar_internal_metadata".* FROM "ar_internal_metadata" WHERE "ar_internal_metadata"."key" = $1 LIMIT $2[0m  [["key", "environment"], ["LIMIT", 1]]
  ↳ bin/rails:9
  [1m[35m (0.2ms)[0m  [1m[35mBEGIN[0m
  ↳ bin/rails:9
  [1m[36mActiveRecord::InternalMetadata Create (0.6ms)[0m  [1m[32mINSERT INTO "ar_internal_metadata" ("key", "value", "created_at", "updated_at") VALUES ($1, $2, $3, $4) RETURNING "key"[0m  [["key", "environment"], ["value", "development"], ["created_at", "2018-09-11 18:24:15.295103"], ["updated_at", "2018-09-11 18:24:15.295103"]]
  ↳ bin/rails:9
  [1m[35m (0.6ms)[0m  [1m[35mCOMMIT[0m
  ↳ bin/rails:9
  [1m[35m (0.5ms)[0m  [1m[34mSELECT pg_advisory_unlock(6613552763082678525)[0m
  ↳ bin/rails:9
  [1m[35m (0.5ms)[0m  [1m[34mSELECT "schema_migrations"."version" FROM "schema_migrations" ORDER BY "schema_migrations"."version" ASC[0m
  ↳ bin/rails:9
  [1m[35m (0.3ms)[0m  [1m[35mBEGIN[0m
  [1m[36mCat Create (33.3ms)[0m  [1m[32mINSERT INTO "cats" ("birth_date", "color", "name", "sex", "description", "created_at", "updated_at") VALUES ($1, $2, $3, $4, $5, $6, $7) RETURNING "id"[0m  [["birth_date", "2015-01-20"], ["color", "red"], ["name", "Grace"], ["sex", "F"], ["description", "Hello"], ["created_at", "2018-09-11 18:52:30.623600"], ["updated_at", "2018-09-11 18:52:30.623600"]]
  [1m[35m (0.8ms)[0m  [1m[35mCOMMIT[0m
  [1m[35m (0.3ms)[0m  [1m[35mBEGIN[0m
  [1m[36mCat Create (0.7ms)[0m  [1m[32mINSERT INTO "cats" ("birth_date", "color", "name", "sex", "description", "created_at", "updated_at") VALUES ($1, $2, $3, $4, $5, $6, $7) RETURNING "id"[0m  [["birth_date", "2015-01-20"], ["color", "red"], ["name", "Grace"], ["sex", "F"], ["description", "Hello"], ["created_at", "2018-09-11 19:03:53.357807"], ["updated_at", "2018-09-11 19:03:53.357807"]]
  [1m[35m (0.6ms)[0m  [1m[35mCOMMIT[0m
Started GET "/" for 127.0.0.1 at 2018-09-11 12:13:16 -0700
  [1m[35m (11.7ms)[0m  [1m[34mSELECT "schema_migrations"."version" FROM "schema_migrations" ORDER BY "schema_migrations"."version" ASC[0m
  ↳ /usr/local/var/rbenv/versions/2.5.0/lib/ruby/gems/2.5.0/gems/activerecord-5.2.1/lib/active_record/log_subscriber.rb:98
Processing by Rails::WelcomeController#index as HTML
  Rendering /usr/local/var/rbenv/versions/2.5.0/lib/ruby/gems/2.5.0/gems/railties-5.2.1/lib/rails/templates/rails/welcome/index.html.erb
  Rendered /usr/local/var/rbenv/versions/2.5.0/lib/ruby/gems/2.5.0/gems/railties-5.2.1/lib/rails/templates/rails/welcome/index.html.erb (5.2ms)
Completed 200 OK in 64ms (Views: 37.3ms | ActiveRecord: 0.0ms)


Started GET "/cats" for 127.0.0.1 at 2018-09-11 12:13:31 -0700
  
ActionController::RoutingError (No route matches [GET] "/cats"):
  
actionpack (5.2.1) lib/action_dispatch/middleware/debug_exceptions.rb:65:in `call'
web-console (3.7.0) lib/web_console/middleware.rb:135:in `call_app'
web-console (3.7.0) lib/web_console/middleware.rb:30:in `block in call'
web-console (3.7.0) lib/web_console/middleware.rb:20:in `catch'
web-console (3.7.0) lib/web_console/middleware.rb:20:in `call'
actionpack (5.2.1) lib/action_dispatch/middleware/show_exceptions.rb:33:in `call'
railties (5.2.1) lib/rails/rack/logger.rb:38:in `call_app'
railties (5.2.1) lib/rails/rack/logger.rb:26:in `block in call'
activesupport (5.2.1) lib/active_support/tagged_logging.rb:71:in `block in tagged'
activesupport (5.2.1) lib/active_support/tagged_logging.rb:28:in `tagged'
activesupport (5.2.1) lib/active_support/tagged_logging.rb:71:in `tagged'
railties (5.2.1) lib/rails/rack/logger.rb:26:in `call'
sprockets-rails (3.2.1) lib/sprockets/rails/quiet_assets.rb:13:in `call'
actionpack (5.2.1) lib/action_dispatch/middleware/remote_ip.rb:81:in `call'
actionpack (5.2.1) lib/action_dispatch/middleware/request_id.rb:27:in `call'
rack (2.0.5) lib/rack/method_override.rb:22:in `call'
rack (2.0.5) lib/rack/runtime.rb:22:in `call'
activesupport (5.2.1) lib/active_support/cache/strategy/local_cache_middleware.rb:29:in `call'
actionpack (5.2.1) lib/action_dispatch/middleware/executor.rb:14:in `call'
actionpack (5.2.1) lib/action_dispatch/middleware/static.rb:127:in `call'
rack (2.0.5) lib/rack/sendfile.rb:111:in `call'
railties (5.2.1) lib/rails/engine.rb:524:in `call'
puma (3.12.0) lib/puma/configuration.rb:225:in `call'
puma (3.12.0) lib/puma/server.rb:658:in `handle_request'
puma (3.12.0) lib/puma/server.rb:472:in `process_client'
puma (3.12.0) lib/puma/server.rb:332:in `block in run'
puma (3.12.0) lib/puma/thread_pool.rb:133:in `block in spawn_thread'
Started GET "/cats" for 127.0.0.1 at 2018-09-11 13:32:54 -0700
  [1m[35m (1.3ms)[0m  [1m[34mSELECT "schema_migrations"."version" FROM "schema_migrations" ORDER BY "schema_migrations"."version" ASC[0m
  ↳ /usr/local/var/rbenv/versions/2.5.0/lib/ruby/gems/2.5.0/gems/activerecord-5.2.1/lib/active_record/log_subscriber.rb:98
Processing by CatsController#index as HTML
  Rendering cats/index.html.erb within layouts/application
  [1m[36mCat Load (11.6ms)[0m  [1m[34mSELECT "cats".* FROM "cats"[0m
  ↳ app/views/cats/index.html.erb:3
  Rendered cats/index.html.erb within layouts/application (60.2ms)
Completed 200 OK in 547ms (Views: 496.9ms | ActiveRecord: 19.9ms)


Started GET "/cats/1" for 127.0.0.1 at 2018-09-11 13:39:49 -0700
Processing by CatsController#show as HTML
  Parameters: {"id"=>"1"}
  [1m[36mCat Load (1.0ms)[0m  [1m[34mSELECT  "cats".* FROM "cats" WHERE "cats"."id" = $1 LIMIT $2[0m  [["id", 1], ["LIMIT", 1]]
  ↳ app/controllers/cats_controller.rb:8
  Rendering cats/show.html.erb within layouts/application
  Rendered cats/show.html.erb within layouts/application (340.7ms)
Completed 500 Internal Server Error in 475ms (ActiveRecord: 13.7ms)



NameError - undefined local variable or method `cat' for #<#<Class:0x00007fbd743d9d78>:0x00007fbd743d8478>
Did you mean?  @cat:
  app/views/cats/show.html.erb:4:in `_app_views_cats_show_html_erb___2144924209321724004_70225823404380'
  app/controllers/cats_controller.rb:9:in `show'

Started POST "/__better_errors/3f54b434b627ec0d/variables" for 127.0.0.1 at 2018-09-11 13:39:50 -0700
Started GET "/cats/1" for 127.0.0.1 at 2018-09-11 13:41:25 -0700
Processing by CatsController#show as HTML
  Parameters: {"id"=>"1"}
Completed 400 Bad Request in 14ms (ActiveRecord: 0.0ms)



ActionController::ParameterMissing - param is missing or the value is empty: cats:
  app/controllers/cats_controller.rb:14:in `cat_params'
  app/controllers/cats_controller.rb:8:in `show'

Started POST "/__better_errors/9854e5d474d0fa28/variables" for 127.0.0.1 at 2018-09-11 13:41:25 -0700
Started GET "/cats" for 127.0.0.1 at 2018-09-11 13:42:16 -0700
Processing by CatsController#index as HTML
  Rendering cats/index.html.erb within layouts/application
  [1m[36mCat Load (0.6ms)[0m  [1m[34mSELECT "cats".* FROM "cats"[0m
  ↳ app/views/cats/index.html.erb:3
  Rendered cats/index.html.erb within layouts/application (18.8ms)
Completed 200 OK in 76ms (Views: 68.3ms | ActiveRecord: 6.9ms)


Started GET "/cats/1" for 127.0.0.1 at 2018-09-11 13:42:28 -0700
Processing by CatsController#show as HTML
  Parameters: {"id"=>"1"}
Completed 400 Bad Request in 1ms (ActiveRecord: 0.0ms)



ActionController::ParameterMissing - param is missing or the value is empty: cats:
  app/controllers/cats_controller.rb:14:in `cat_params'
  app/controllers/cats_controller.rb:8:in `show'

Started POST "/__better_errors/a8e6a3652345c8f6/variables" for 127.0.0.1 at 2018-09-11 13:42:28 -0700
Started GET "/cats" for 127.0.0.1 at 2018-09-11 13:44:25 -0700
Processing by CatsController#index as HTML
  Rendering cats/index.html.erb within layouts/application
  [1m[36mCat Load (0.5ms)[0m  [1m[34mSELECT "cats".* FROM "cats"[0m
  ↳ app/views/cats/index.html.erb:3
  Rendered cats/index.html.erb within layouts/application (1.9ms)
Completed 200 OK in 36ms (Views: 35.3ms | ActiveRecord: 0.5ms)


Started GET "/cats/1" for 127.0.0.1 at 2018-09-11 13:45:02 -0700
Processing by CatsController#show as HTML
  Parameters: {"id"=>"1"}
Completed 400 Bad Request in 1ms (ActiveRecord: 0.0ms)



ActionController::ParameterMissing - param is missing or the value is empty: cats:
  app/controllers/cats_controller.rb:14:in `cat_params'
  app/controllers/cats_controller.rb:8:in `show'

Started POST "/__better_errors/54a7e8d1abf9524f/variables" for 127.0.0.1 at 2018-09-11 13:45:02 -0700
Started GET "/cats/1" for 127.0.0.1 at 2018-09-11 13:45:39 -0700
Processing by CatsController#show as HTML
  Parameters: {"id"=>"1"}
  [1m[36mCat Load (0.5ms)[0m  [1m[34mSELECT  "cats".* FROM "cats" WHERE "cats"."id" = $1 LIMIT $2[0m  [["id", 1], ["LIMIT", 1]]
  ↳ app/controllers/cats_controller.rb:8
  Rendering cats/show.html.erb within layouts/application
  Rendered cats/show.html.erb within layouts/application (18.3ms)
Completed 200 OK in 98ms (Views: 66.2ms | ActiveRecord: 6.4ms)


Started GET "/cats/new" for 127.0.0.1 at 2018-09-11 13:56:36 -0700
Processing by CatsController#new as HTML
  Rendering cats/new.html.erb within layouts/application
  Rendered cats/new.html.erb within layouts/application (1.3ms)
Completed 200 OK in 78ms (Views: 34.2ms | ActiveRecord: 12.3ms)


Started GET "/cats/new" for 127.0.0.1 at 2018-09-11 13:58:08 -0700
Processing by CatsController#new as HTML
  Rendering cats/new.html.erb within layouts/application
  Rendered cats/new.html.erb within layouts/application (0.6ms)
Completed 200 OK in 46ms (Views: 44.5ms | ActiveRecord: 0.0ms)


Started GET "/cats/new" for 127.0.0.1 at 2018-09-11 13:58:21 -0700
Processing by CatsController#new as HTML
  Rendering cats/new.html.erb within layouts/application
  Rendered cats/new.html.erb within layouts/application (0.8ms)
Completed 200 OK in 31ms (Views: 30.1ms | ActiveRecord: 0.0ms)


Started GET "/cats/new" for 127.0.0.1 at 2018-09-11 13:58:37 -0700
Processing by CatsController#new as HTML
  Rendering cats/new.html.erb within layouts/application
  Rendered cats/new.html.erb within layouts/application (0.8ms)
Completed 200 OK in 27ms (Views: 26.2ms | ActiveRecord: 0.0ms)


Started GET "/cats/new" for 127.0.0.1 at 2018-09-11 14:00:11 -0700
Processing by CatsController#new as HTML
  Rendering cats/new.html.erb within layouts/application
  Rendered cats/new.html.erb within layouts/application (0.8ms)
Completed 200 OK in 25ms (Views: 24.5ms | ActiveRecord: 0.0ms)


Started GET "/cats/new" for 127.0.0.1 at 2018-09-11 14:01:19 -0700
Processing by CatsController#new as HTML
  Rendering cats/new.html.erb within layouts/application
  Rendered cats/new.html.erb within layouts/application (0.7ms)
Completed 200 OK in 40ms (Views: 39.7ms | ActiveRecord: 0.0ms)


Started GET "/cats/new" for 127.0.0.1 at 2018-09-11 14:02:40 -0700
Processing by CatsController#new as HTML
  Rendering cats/new.html.erb within layouts/application
  Rendered cats/new.html.erb within layouts/application (0.7ms)
Completed 200 OK in 26ms (Views: 25.2ms | ActiveRecord: 0.0ms)


Started GET "/cats/new" for 127.0.0.1 at 2018-09-11 14:05:13 -0700
Processing by CatsController#new as HTML
  Rendering cats/new.html.erb within layouts/application
  Rendered cats/new.html.erb within layouts/application (359.9ms)
Completed 500 Internal Server Error in 366ms (ActiveRecord: 0.0ms)



NameError - undefined local variable or method `cat' for #<#<Class:0x00007fbd72f6bee0>:0x00007fbd70330290>
Did you mean?  @cat:
  app/views/cats/new.html.erb:5:in `_app_views_cats_new_html_erb__1207502977483633888_70225803859700'
  app/controllers/cats_controller.rb:14:in `new'

Started POST "/__better_errors/f45b6ec30365aa04/variables" for 127.0.0.1 at 2018-09-11 14:05:14 -0700
Started GET "/cats/new" for 127.0.0.1 at 2018-09-11 14:05:31 -0700
Processing by CatsController#new as HTML
  Rendering cats/new.html.erb within layouts/application
  Rendered cats/new.html.erb within layouts/application (474.5ms)
Completed 500 Internal Server Error in 481ms (ActiveRecord: 0.0ms)



NameError - undefined local variable or method `cat' for #<#<Class:0x00007fbd72f6bee0>:0x00007fbd751153e8>
Did you mean?  @cat:
  app/views/cats/new.html.erb:8:in `_app_views_cats_new_html_erb__1207502977483633888_70225844805700'
  app/controllers/cats_controller.rb:14:in `new'

Started POST "/__better_errors/c530c052915246f1/variables" for 127.0.0.1 at 2018-09-11 14:05:32 -0700
Started GET "/cats/new" for 127.0.0.1 at 2018-09-11 14:05:50 -0700
Processing by CatsController#new as HTML
  Rendering cats/new.html.erb within layouts/application
  Rendered cats/new.html.erb within layouts/application (1.4ms)
Completed 200 OK in 33ms (Views: 32.1ms | ActiveRecord: 0.0ms)


Started GET "/cats/new" for 127.0.0.1 at 2018-09-11 14:08:08 -0700
Processing by CatsController#new as HTML
  Rendering cats/new.html.erb within layouts/application
  Rendered cats/new.html.erb within layouts/application (0.7ms)
Completed 200 OK in 39ms (Views: 38.9ms | ActiveRecord: 0.0ms)


Started GET "/cats/new" for 127.0.0.1 at 2018-09-11 14:08:50 -0700
Processing by CatsController#new as HTML
  Rendering cats/new.html.erb within layouts/application
  Rendered cats/new.html.erb within layouts/application (1.1ms)
Completed 200 OK in 41ms (Views: 40.0ms | ActiveRecord: 0.0ms)


Started GET "/cats/new" for 127.0.0.1 at 2018-09-11 14:08:58 -0700
Processing by CatsController#new as HTML
  Rendering cats/new.html.erb within layouts/application
  Rendered cats/new.html.erb within layouts/application (0.6ms)
Completed 200 OK in 20ms (Views: 19.1ms | ActiveRecord: 0.0ms)


Started PATCH "/cats/new_cat_url" for 127.0.0.1 at 2018-09-11 14:09:17 -0700

AbstractController::ActionNotFound - The action 'update' could not be found for CatsController:

Started POST "/__better_errors/6f09bfd966ef0af0/variables" for 127.0.0.1 at 2018-09-11 14:09:17 -0700
Started GET "/cats/new" for 127.0.0.1 at 2018-09-11 14:11:58 -0700

SyntaxError - syntax error, unexpected tLABEL, expecting '='
...t.errors.full_messages, status: 422
...                        ^~~~~~~:
  app/controllers/cats_controller.rb:22:in `'

Started POST "/__better_errors/64d622180285b912/variables" for 127.0.0.1 at 2018-09-11 14:11:58 -0700
Started GET "/cats/new" for 127.0.0.1 at 2018-09-11 14:12:19 -0700

SyntaxError - syntax error, unexpected tLABEL, expecting '='
...t.errors.full_messages, status: :unprocessable_entity
...                        ^~~~~~~:
  app/controllers/cats_controller.rb:22:in `'

Started POST "/__better_errors/7599d6d59dc5f238/variables" for 127.0.0.1 at 2018-09-11 14:12:19 -0700
Started GET "/cats" for 127.0.0.1 at 2018-09-11 14:13:46 -0700
Processing by CatsController#index as HTML
  Rendering cats/index.html.erb within layouts/application
  [1m[36mCat Load (1.5ms)[0m  [1m[34mSELECT "cats".* FROM "cats"[0m
  ↳ app/views/cats/index.html.erb:3
  Rendered cats/index.html.erb within layouts/application (20.3ms)
Completed 200 OK in 99ms (Views: 76.3ms | ActiveRecord: 9.9ms)


Started GET "/cats/new" for 127.0.0.1 at 2018-09-11 14:13:47 -0700
Processing by CatsController#new as HTML
  Rendering cats/new.html.erb within layouts/application
  Rendered cats/new.html.erb within layouts/application (0.8ms)
Completed 200 OK in 60ms (Views: 59.2ms | ActiveRecord: 0.0ms)


Started POST "/cats/new_cat_url" for 127.0.0.1 at 2018-09-11 14:13:58 -0700
  
ActionController::RoutingError (No route matches [POST] "/cats/new_cat_url"):
  
actionpack (5.2.1) lib/action_dispatch/middleware/debug_exceptions.rb:65:in `call'
web-console (3.7.0) lib/web_console/middleware.rb:135:in `call_app'
web-console (3.7.0) lib/web_console/middleware.rb:30:in `block in call'
web-console (3.7.0) lib/web_console/middleware.rb:20:in `catch'
web-console (3.7.0) lib/web_console/middleware.rb:20:in `call'
actionpack (5.2.1) lib/action_dispatch/middleware/show_exceptions.rb:33:in `call'
railties (5.2.1) lib/rails/rack/logger.rb:38:in `call_app'
railties (5.2.1) lib/rails/rack/logger.rb:26:in `block in call'
activesupport (5.2.1) lib/active_support/tagged_logging.rb:71:in `block in tagged'
activesupport (5.2.1) lib/active_support/tagged_logging.rb:28:in `tagged'
activesupport (5.2.1) lib/active_support/tagged_logging.rb:71:in `tagged'
railties (5.2.1) lib/rails/rack/logger.rb:26:in `call'
sprockets-rails (3.2.1) lib/sprockets/rails/quiet_assets.rb:13:in `call'
actionpack (5.2.1) lib/action_dispatch/middleware/remote_ip.rb:81:in `call'
actionpack (5.2.1) lib/action_dispatch/middleware/request_id.rb:27:in `call'
rack (2.0.5) lib/rack/method_override.rb:22:in `call'
rack (2.0.5) lib/rack/runtime.rb:22:in `call'
activesupport (5.2.1) lib/active_support/cache/strategy/local_cache_middleware.rb:29:in `call'
actionpack (5.2.1) lib/action_dispatch/middleware/executor.rb:14:in `call'
actionpack (5.2.1) lib/action_dispatch/middleware/static.rb:127:in `call'
rack (2.0.5) lib/rack/sendfile.rb:111:in `call'
railties (5.2.1) lib/rails/engine.rb:524:in `call'
puma (3.12.0) lib/puma/configuration.rb:225:in `call'
puma (3.12.0) lib/puma/server.rb:658:in `handle_request'
puma (3.12.0) lib/puma/server.rb:472:in `process_client'
puma (3.12.0) lib/puma/server.rb:332:in `block in run'
puma (3.12.0) lib/puma/thread_pool.rb:133:in `block in spawn_thread'
Started GET "/cats/new_cat_url" for 127.0.0.1 at 2018-09-11 14:16:06 -0700
Processing by CatsController#show as HTML
  Parameters: {"id"=>"new_cat_url"}
  [1m[36mCat Load (0.7ms)[0m  [1m[34mSELECT  "cats".* FROM "cats" WHERE "cats"."id" = $1 LIMIT $2[0m  [["id", 0], ["LIMIT", 1]]
  ↳ app/controllers/cats_controller.rb:8
Completed 404 Not Found in 6ms (ActiveRecord: 1.1ms)



ActiveRecord::RecordNotFound - Couldn't find Cat with 'id'=new_cat_url:
  app/controllers/cats_controller.rb:8:in `show'

Started POST "/__better_errors/3e2a51e26000f6cd/variables" for 127.0.0.1 at 2018-09-11 14:16:06 -0700
Started GET "/cats/new" for 127.0.0.1 at 2018-09-11 14:17:02 -0700
Processing by CatsController#new as HTML
  Rendering cats/new.html.erb within layouts/application
  Rendered cats/new.html.erb within layouts/application (0.7ms)
Completed 200 OK in 210ms (Views: 208.9ms | ActiveRecord: 0.0ms)


Started GET "/cats/cats_url%20method=?authenticity_token=ZtNw%2FO4H%2FDTg516012cW7nsdKc2HHPfxl51Rd47sPW%2FGJJ9mA5M6YkmczShnbNTUrjZvEFe%2FvSwzGJgfPZGXkg%3D%3D&cat%5Bname%5D=Jsutin&cat%5Bsex%5D=&cat%5Bcolor%5D=+green&cat%5Bbirth_date%5D=2018-09-05" for 127.0.0.1 at 2018-09-11 14:17:17 -0700
Processing by CatsController#show as HTML
  Parameters: {"authenticity_token"=>"ZtNw/O4H/DTg516012cW7nsdKc2HHPfxl51Rd47sPW/GJJ9mA5M6YkmczShnbNTUrjZvEFe/vSwzGJgfPZGXkg==", "cat"=>{"name"=>"Jsutin", "sex"=>"", "color"=>" green", "birth_date"=>"2018-09-05"}, "id"=>"cats_url method="}
  [1m[36mCat Load (0.6ms)[0m  [1m[34mSELECT  "cats".* FROM "cats" WHERE "cats"."id" = $1 LIMIT $2[0m  [["id", 0], ["LIMIT", 1]]
  ↳ app/controllers/cats_controller.rb:8
Completed 404 Not Found in 3ms (ActiveRecord: 0.6ms)



ActiveRecord::RecordNotFound - Couldn't find Cat with 'id'=cats_url method=:
  app/controllers/cats_controller.rb:8:in `show'

Started POST "/__better_errors/4c2d1c18b3d1f73c/variables" for 127.0.0.1 at 2018-09-11 14:17:17 -0700
Started GET "/cats/new" for 127.0.0.1 at 2018-09-11 14:17:33 -0700
Processing by CatsController#new as HTML
  Rendering cats/new.html.erb within layouts/application
  Rendered cats/new.html.erb within layouts/application (0.7ms)
Completed 200 OK in 29ms (Views: 28.6ms | ActiveRecord: 0.0ms)


Started POST "/cats/cats_url" for 127.0.0.1 at 2018-09-11 14:17:41 -0700
  
ActionController::RoutingError (No route matches [POST] "/cats/cats_url"):
  
actionpack (5.2.1) lib/action_dispatch/middleware/debug_exceptions.rb:65:in `call'
web-console (3.7.0) lib/web_console/middleware.rb:135:in `call_app'
web-console (3.7.0) lib/web_console/middleware.rb:30:in `block in call'
web-console (3.7.0) lib/web_console/middleware.rb:20:in `catch'
web-console (3.7.0) lib/web_console/middleware.rb:20:in `call'
actionpack (5.2.1) lib/action_dispatch/middleware/show_exceptions.rb:33:in `call'
railties (5.2.1) lib/rails/rack/logger.rb:38:in `call_app'
railties (5.2.1) lib/rails/rack/logger.rb:26:in `block in call'
activesupport (5.2.1) lib/active_support/tagged_logging.rb:71:in `block in tagged'
activesupport (5.2.1) lib/active_support/tagged_logging.rb:28:in `tagged'
activesupport (5.2.1) lib/active_support/tagged_logging.rb:71:in `tagged'
railties (5.2.1) lib/rails/rack/logger.rb:26:in `call'
sprockets-rails (3.2.1) lib/sprockets/rails/quiet_assets.rb:13:in `call'
actionpack (5.2.1) lib/action_dispatch/middleware/remote_ip.rb:81:in `call'
actionpack (5.2.1) lib/action_dispatch/middleware/request_id.rb:27:in `call'
rack (2.0.5) lib/rack/method_override.rb:22:in `call'
rack (2.0.5) lib/rack/runtime.rb:22:in `call'
activesupport (5.2.1) lib/active_support/cache/strategy/local_cache_middleware.rb:29:in `call'
actionpack (5.2.1) lib/action_dispatch/middleware/executor.rb:14:in `call'
actionpack (5.2.1) lib/action_dispatch/middleware/static.rb:127:in `call'
rack (2.0.5) lib/rack/sendfile.rb:111:in `call'
railties (5.2.1) lib/rails/engine.rb:524:in `call'
puma (3.12.0) lib/puma/configuration.rb:225:in `call'
puma (3.12.0) lib/puma/server.rb:658:in `handle_request'
puma (3.12.0) lib/puma/server.rb:472:in `process_client'
puma (3.12.0) lib/puma/server.rb:332:in `block in run'
puma (3.12.0) lib/puma/thread_pool.rb:133:in `block in spawn_thread'
Started GET "/cats/new" for 127.0.0.1 at 2018-09-11 14:18:17 -0700
Processing by CatsController#new as HTML
  Rendering cats/new.html.erb within layouts/application
  Rendered cats/new.html.erb within layouts/application (0.8ms)
Completed 200 OK in 26ms (Views: 25.4ms | ActiveRecord: 0.0ms)


Started POST "/cats/cat_url(@cat)" for 127.0.0.1 at 2018-09-11 14:18:26 -0700
  
ActionController::RoutingError (No route matches [POST] "/cats/cat_url(@cat)"):
  
actionpack (5.2.1) lib/action_dispatch/middleware/debug_exceptions.rb:65:in `call'
web-console (3.7.0) lib/web_console/middleware.rb:135:in `call_app'
web-console (3.7.0) lib/web_console/middleware.rb:30:in `block in call'
web-console (3.7.0) lib/web_console/middleware.rb:20:in `catch'
web-console (3.7.0) lib/web_console/middleware.rb:20:in `call'
actionpack (5.2.1) lib/action_dispatch/middleware/show_exceptions.rb:33:in `call'
railties (5.2.1) lib/rails/rack/logger.rb:38:in `call_app'
railties (5.2.1) lib/rails/rack/logger.rb:26:in `block in call'
activesupport (5.2.1) lib/active_support/tagged_logging.rb:71:in `block in tagged'
activesupport (5.2.1) lib/active_support/tagged_logging.rb:28:in `tagged'
activesupport (5.2.1) lib/active_support/tagged_logging.rb:71:in `tagged'
railties (5.2.1) lib/rails/rack/logger.rb:26:in `call'
sprockets-rails (3.2.1) lib/sprockets/rails/quiet_assets.rb:13:in `call'
actionpack (5.2.1) lib/action_dispatch/middleware/remote_ip.rb:81:in `call'
actionpack (5.2.1) lib/action_dispatch/middleware/request_id.rb:27:in `call'
rack (2.0.5) lib/rack/method_override.rb:22:in `call'
rack (2.0.5) lib/rack/runtime.rb:22:in `call'
activesupport (5.2.1) lib/active_support/cache/strategy/local_cache_middleware.rb:29:in `call'
actionpack (5.2.1) lib/action_dispatch/middleware/executor.rb:14:in `call'
actionpack (5.2.1) lib/action_dispatch/middleware/static.rb:127:in `call'
rack (2.0.5) lib/rack/sendfile.rb:111:in `call'
railties (5.2.1) lib/rails/engine.rb:524:in `call'
puma (3.12.0) lib/puma/configuration.rb:225:in `call'
puma (3.12.0) lib/puma/server.rb:658:in `handle_request'
puma (3.12.0) lib/puma/server.rb:472:in `process_client'
puma (3.12.0) lib/puma/server.rb:332:in `block in run'
puma (3.12.0) lib/puma/thread_pool.rb:133:in `block in spawn_thread'
Started GET "/cats/new" for 127.0.0.1 at 2018-09-11 14:18:43 -0700
Processing by CatsController#new as HTML
  Rendering cats/new.html.erb within layouts/application
  Rendered cats/new.html.erb within layouts/application (370.3ms)
Completed 500 Internal Server Error in 381ms (ActiveRecord: 0.0ms)



NameError - undefined local variable or method `cat' for #<#<Class:0x00007fbd742c3a88>:0x00007fbd750ed1e0>
Did you mean?  @cat:
  app/views/cats/new.html.erb:1:in `_app_views_cats_new_html_erb__1207502977483633888_70225803615660'
  app/controllers/cats_controller.rb:14:in `new'

Started POST "/__better_errors/9be810a849db6aa3/variables" for 127.0.0.1 at 2018-09-11 14:18:44 -0700
Started GET "/cats/new" for 127.0.0.1 at 2018-09-11 14:18:57 -0700
Processing by CatsController#new as HTML
  Rendering cats/new.html.erb within layouts/application
  Rendered cats/new.html.erb within layouts/application (4.0ms)
Completed 500 Internal Server Error in 11ms (ActiveRecord: 0.0ms)



ActionController::UrlGenerationError - No route matches {:action=>"show", :controller=>"cats", :id=>nil}, missing required keys: [:id]:
  app/views/cats/new.html.erb:1:in `_app_views_cats_new_html_erb__1207502977483633888_70225795626120'
  app/controllers/cats_controller.rb:14:in `new'

Started POST "/__better_errors/268a6032029e6a15/variables" for 127.0.0.1 at 2018-09-11 14:18:57 -0700
Started GET "/cats/new" for 127.0.0.1 at 2018-09-11 14:19:19 -0700
Processing by CatsController#new as HTML
  Rendering cats/new.html.erb within layouts/application
  Rendered cats/new.html.erb within layouts/application (3.3ms)
Completed 500 Internal Server Error in 11ms (ActiveRecord: 0.0ms)



ActionController::UrlGenerationError - No route matches {:action=>"show", :controller=>"cats"}, missing required keys: [:id]:
  app/views/cats/new.html.erb:1:in `_app_views_cats_new_html_erb__1207502977483633888_70225836230420'
  app/controllers/cats_controller.rb:14:in `new'

Started POST "/__better_errors/d86d52f4b59690aa/variables" for 127.0.0.1 at 2018-09-11 14:19:19 -0700
Started GET "/cats/1" for 127.0.0.1 at 2018-09-11 14:22:55 -0700
Processing by CatsController#show as HTML
  Parameters: {"id"=>"1"}
  [1m[36mCat Load (0.4ms)[0m  [1m[34mSELECT  "cats".* FROM "cats" WHERE "cats"."id" = $1 LIMIT $2[0m  [["id", 1], ["LIMIT", 1]]
  ↳ app/controllers/cats_controller.rb:8
  Rendering cats/show.html.erb within layouts/application
  Rendered cats/show.html.erb within layouts/application (1.9ms)
Completed 200 OK in 352ms (Views: 299.5ms | ActiveRecord: 7.5ms)


Started GET "/cats/1/edit" for 127.0.0.1 at 2018-09-11 14:22:57 -0700
Processing by CatsController#edit as HTML
  Parameters: {"id"=>"1"}
  Rendering cats/edit.html.erb within layouts/application
  Rendered cats/edit.html.erb within layouts/application (376.2ms)
Completed 500 Internal Server Error in 386ms (ActiveRecord: 0.0ms)



NameError - undefined local variable or method `cat' for #<#<Class:0x00007fbd72ef31c0>:0x00007fbd72db2590>
Did you mean?  catch:
  app/views/cats/edit.html.erb:1:in `_app_views_cats_edit_html_erb__3583619840406356683_70225826258580'

Started POST "/__better_errors/91cf36b38fa3861d/variables" for 127.0.0.1 at 2018-09-11 14:22:58 -0700
Started GET "/cats/new" for 127.0.0.1 at 2018-09-11 14:25:21 -0700
Processing by CatsController#new as HTML
  Rendering cats/new.html.erb within layouts/application
  Rendered cats/new.html.erb within layouts/application (1.2ms)
Completed 200 OK in 147ms (Views: 82.0ms | ActiveRecord: 7.9ms)


Started POST "/cats" for 127.0.0.1 at 2018-09-11 14:25:31 -0700
Processing by CatsController#create as HTML
  Parameters: {"authenticity_token"=>"s49t6KdXfY4MUnh9rAtd6C5Rtw44wzrgBxY6in/dw0QTeIJySsO72KUp6+EcAJ/S+3rx0+hgcD2jk/PizKBpuQ==", "cat"=>{"name"=>"justin", "sex"=>"", "color"=>" green", "birth_date"=>"2018-09-05"}}
Completed 400 Bad Request in 1ms (ActiveRecord: 0.0ms)



ActionController::ParameterMissing - param is missing or the value is empty: cats:
  app/controllers/cats_controller.rb:31:in `cat_params'
  app/controllers/cats_controller.rb:18:in `create'

Started POST "/__better_errors/271428c4b6a38185/variables" for 127.0.0.1 at 2018-09-11 14:25:31 -0700
Started GET "/cats" for 127.0.0.1 at 2018-09-11 14:26:01 -0700
Processing by CatsController#index as HTML
  Rendering cats/index.html.erb within layouts/application
  [1m[36mCat Load (0.5ms)[0m  [1m[34mSELECT "cats".* FROM "cats"[0m
  ↳ app/views/cats/index.html.erb:3
  Rendered cats/index.html.erb within layouts/application (16.1ms)
Completed 200 OK in 39ms (Views: 30.3ms | ActiveRecord: 6.6ms)


Started GET "/cats/new" for 127.0.0.1 at 2018-09-11 14:26:05 -0700
Processing by CatsController#new as HTML
  Rendering cats/new.html.erb within layouts/application
  Rendered cats/new.html.erb within layouts/application (1.3ms)
Completed 200 OK in 35ms (Views: 33.6ms | ActiveRecord: 0.0ms)


Started POST "/cats" for 127.0.0.1 at 2018-09-11 14:26:14 -0700
Processing by CatsController#create as HTML
  Parameters: {"authenticity_token"=>"HDyrGYJf8CFkIqrhPYOLxtZEaXwxb2SuXIIloqpWh4G8y0SDb8s2d81ZOX2NiEn8A28voeHMLnP4B+zKGSstfA==", "cat"=>{"name"=>"justin", "sex"=>"", "color"=>" yellow", "birth_date"=>"2018-09-04"}}
  [1m[35m (0.5ms)[0m  [1m[35mBEGIN[0m
  ↳ app/controllers/cats_controller.rb:19
  [1m[35m (0.3ms)[0m  [1m[31mROLLBACK[0m
  ↳ app/controllers/cats_controller.rb:19
Completed 422 Unprocessable Entity in 8ms (Views: 0.3ms | ActiveRecord: 0.7ms)


Started GET "/cats/new" for 127.0.0.1 at 2018-09-11 14:28:23 -0700
Processing by CatsController#new as HTML
  Rendering cats/new.html.erb within layouts/application
  Rendered cats/new.html.erb within layouts/application (348.4ms)
Completed 500 Internal Server Error in 356ms (ActiveRecord: 0.0ms)



NameError - undefined local variable or method `cat' for #<#<Class:0x00007fbd74279960>:0x00007fbd72c7b7d0>
Did you mean?  @cat:
  app/views/cats/new.html.erb:1:in `_app_views_cats_new_html_erb__1207502977483633888_70225825586060'
  app/controllers/cats_controller.rb:14:in `new'

Started POST "/__better_errors/081898ee5fb8caad/variables" for 127.0.0.1 at 2018-09-11 14:28:24 -0700
Started GET "/cats/new" for 127.0.0.1 at 2018-09-11 14:28:35 -0700
Processing by CatsController#new as HTML
  Rendering cats/new.html.erb within layouts/application
  Rendered cats/new.html.erb within layouts/application (3.9ms)
Completed 500 Internal Server Error in 12ms (ActiveRecord: 0.0ms)



ActionController::UrlGenerationError - No route matches {:action=>"show", :controller=>"cats", :id=>nil}, missing required keys: [:id]:
  app/views/cats/new.html.erb:1:in `_app_views_cats_new_html_erb__1207502977483633888_70225846451240'
  app/controllers/cats_controller.rb:14:in `new'

Started POST "/__better_errors/731442f2dd724dcd/variables" for 127.0.0.1 at 2018-09-11 14:28:35 -0700
Started GET "/cats/new" for 127.0.0.1 at 2018-09-11 14:28:42 -0700
Processing by CatsController#new as HTML
  Rendering cats/new.html.erb within layouts/application
  Rendered cats/new.html.erb within layouts/application (368.7ms)
Completed 500 Internal Server Error in 377ms (ActiveRecord: 0.0ms)



NameError - undefined local variable or method `cat' for #<#<Class:0x00007fbd74279960>:0x00007fbd743b2930>
Did you mean?  @cat:
  app/views/cats/new.html.erb:4:in `_app_views_cats_new_html_erb__1207502977483633888_70225837787940'
  app/controllers/cats_controller.rb:14:in `new'

Started POST "/__better_errors/801193e3bb8ac901/variables" for 127.0.0.1 at 2018-09-11 14:28:43 -0700
Started GET "/cats/new" for 127.0.0.1 at 2018-09-11 14:29:12 -0700
Processing by CatsController#new as HTML
  Rendering cats/new.html.erb within layouts/application
  Rendered cats/new.html.erb within layouts/application (1.2ms)
Completed 200 OK in 28ms (Views: 27.4ms | ActiveRecord: 0.0ms)


Started POST "/cats" for 127.0.0.1 at 2018-09-11 14:29:22 -0700
Processing by CatsController#create as HTML
  Parameters: {"authenticity_token"=>"OezsT+BIeusgiwEZO0g03PrDuwuNwvuf+DWh/NRN+6yZGwPVDdy8vYnwkoWLQ/bmL+j91l1hsUJcsGiUZzBRUQ==", "cat"=>{"name"=>"justin", "sex"=>"", "color"=>"green", "birth_date"=>"2018-09-05"}}
  [1m[35m (0.3ms)[0m  [1m[35mBEGIN[0m
  ↳ app/controllers/cats_controller.rb:19
  [1m[35m (0.2ms)[0m  [1m[31mROLLBACK[0m
  ↳ app/controllers/cats_controller.rb:19
Completed 422 Unprocessable Entity in 6ms (Views: 0.2ms | ActiveRecord: 0.5ms)


Started GET "/cats/new" for 127.0.0.1 at 2018-09-11 14:32:28 -0700
Processing by CatsController#new as HTML
  Rendering cats/new.html.erb within layouts/application
  Rendered cats/new.html.erb within layouts/application (1.5ms)
Completed 200 OK in 34ms (Views: 33.1ms | ActiveRecord: 0.0ms)


Started POST "/cats" for 127.0.0.1 at 2018-09-11 14:32:36 -0700
Processing by CatsController#create as HTML
  Parameters: {"authenticity_token"=>"3oBeTR3b6qg9P1ucpVG8eu6+RyojgYUMuwZ8eM1gAcl+d7HX8E8s/pREyAAVWn5AO5UB9/Miz9Efg7UQfh2rNA==", "cat"=>{"name"=>"justin", "sex"=>"", "color"=>"yellow", "birth_date"=>"2018-09-05"}}
  [1m[35m (0.2ms)[0m  [1m[35mBEGIN[0m
  ↳ app/controllers/cats_controller.rb:19
  [1m[35m (0.3ms)[0m  [1m[31mROLLBACK[0m
  ↳ app/controllers/cats_controller.rb:19
Completed 422 Unprocessable Entity in 7ms (Views: 0.8ms | ActiveRecord: 0.5ms)


Started GET "/cats/new" for 127.0.0.1 at 2018-09-11 14:32:46 -0700
Processing by CatsController#new as HTML
  Rendering cats/new.html.erb within layouts/application
  Rendered cats/new.html.erb within layouts/application (1.5ms)
Completed 200 OK in 30ms (Views: 29.4ms | ActiveRecord: 0.0ms)


Started POST "/cats" for 127.0.0.1 at 2018-09-11 14:32:56 -0700
Processing by CatsController#create as HTML
  Parameters: {"authenticity_token"=>"9b/XOnrHf1S0UWvTxGgjt7C5a0kYw07CFx5zRO/MLF5VSDigl1O5Ah0q+E90Y+GNZZItlMhgBB+zm7osXLGGow==", "cat"=>{"name"=>"justin", "sex"=>"M", "color"=>"yellow", "birth_date"=>"2018-09-04"}}
  [1m[35m (0.2ms)[0m  [1m[35mBEGIN[0m
  ↳ app/controllers/cats_controller.rb:19
  [1m[35m (0.3ms)[0m  [1m[31mROLLBACK[0m
  ↳ app/controllers/cats_controller.rb:19
Completed 422 Unprocessable Entity in 7ms (Views: 0.2ms | ActiveRecord: 0.5ms)


Started GET "/cats/new" for 127.0.0.1 at 2018-09-11 14:33:50 -0700
Processing by CatsController#new as HTML
  Rendering cats/new.html.erb within layouts/application
  Rendered cats/new.html.erb within layouts/application (1.1ms)
Completed 200 OK in 130ms (Views: 129.0ms | ActiveRecord: 0.0ms)


Started POST "/cats" for 127.0.0.1 at 2018-09-11 14:34:04 -0700
Processing by CatsController#create as HTML
  Parameters: {"authenticity_token"=>"pC+wKlx9RkbLjGRktp3hyo1trrObC+CQx+3D2K7mSvcE2F+wsemAEGL39/gGliPwWEbobkuoqk1jaAqwHZvgCg==", "cat"=>{"name"=>"justin", "sex"=>"M", "color"=>"green", "birth_date"=>"2018-09-05"}}
  [1m[35m (0.3ms)[0m  [1m[35mBEGIN[0m
  ↳ app/controllers/cats_controller.rb:19
  [1m[35m (0.4ms)[0m  [1m[31mROLLBACK[0m
  ↳ app/controllers/cats_controller.rb:19
Completed 422 Unprocessable Entity in 6ms (Views: 0.2ms | ActiveRecord: 0.6ms)


Started GET "/cats/new" for 127.0.0.1 at 2018-09-11 14:39:17 -0700
Processing by CatsController#new as HTML
  Rendering cats/new.html.erb within layouts/application
  Rendered cats/new.html.erb within layouts/application (1.9ms)
Completed 200 OK in 225ms (Views: 224.6ms | ActiveRecord: 0.0ms)


Started POST "/cats" for 127.0.0.1 at 2018-09-11 14:39:28 -0700
Processing by CatsController#create as HTML
  Parameters: {"authenticity_token"=>"Cbngz1gX+9KRCU06vVJ9410xRU0m+WGrBMoM0xJdWcupTg9VtYM9hDhy3qYNWb/ZiBoDkPZaK3agT8W7oSDzNg==", "cat"=>{"name"=>"justin", "sex"=>"M", "color"=>"yellow", "birth_date"=>"2018-09-05"}}
  [1m[35m (0.2ms)[0m  [1m[35mBEGIN[0m
  ↳ app/controllers/cats_controller.rb:19
  [1m[35m (0.3ms)[0m  [1m[31mROLLBACK[0m
  ↳ app/controllers/cats_controller.rb:19
Completed 422 Unprocessable Entity in 6ms (Views: 0.2ms | ActiveRecord: 0.6ms)


Started GET "/cats/new" for 127.0.0.1 at 2018-09-11 14:40:17 -0700
Processing by CatsController#new as HTML
  Rendering cats/new.html.erb within layouts/application
  Rendered cats/new.html.erb within layouts/application (0.9ms)
Completed 200 OK in 25ms (Views: 24.5ms | ActiveRecord: 0.0ms)


Started POST "/cats" for 127.0.0.1 at 2018-09-11 14:40:27 -0700
Processing by CatsController#create as HTML
  Parameters: {"authenticity_token"=>"lj8Qa8MOzZF3L6Lo/GJZ/0R9pEGW/cq6WGhhmvcKZEY2yP/xLpoLx95UMXRMaZvFkVbinEZegGf87ajyRHfOuw==", "cat"=>{"name"=>"justin", "sex"=>"M", "color"=>"green", "birth_date"=>"2018-09-05", "description"=>"hfioewhf"}}
  [1m[35m (0.3ms)[0m  [1m[35mBEGIN[0m
  ↳ app/controllers/cats_controller.rb:19
  [1m[36mCat Create (17.3ms)[0m  [1m[32mINSERT INTO "cats" ("birth_date", "color", "name", "sex", "description", "created_at", "updated_at") VALUES ($1, $2, $3, $4, $5, $6, $7) RETURNING "id"[0m  [["birth_date", "2018-09-05"], ["color", "green"], ["name", "justin"], ["sex", "M"], ["description", "hfioewhf"], ["created_at", "2018-09-11 21:40:27.160695"], ["updated_at", "2018-09-11 21:40:27.160695"]]
  ↳ app/controllers/cats_controller.rb:19
  [1m[35m (13.8ms)[0m  [1m[35mCOMMIT[0m
  ↳ app/controllers/cats_controller.rb:19
Redirected to http://localhost:3000/cats/3
Completed 302 Found in 37ms (ActiveRecord: 31.5ms)


Started GET "/cats/3" for 127.0.0.1 at 2018-09-11 14:40:27 -0700
Processing by CatsController#show as HTML
  Parameters: {"id"=>"3"}
  [1m[36mCat Load (0.5ms)[0m  [1m[34mSELECT  "cats".* FROM "cats" WHERE "cats"."id" = $1 LIMIT $2[0m  [["id", 3], ["LIMIT", 1]]
  ↳ app/controllers/cats_controller.rb:8
  Rendering cats/show.html.erb within layouts/application
  Rendered cats/show.html.erb within layouts/application (1.2ms)
Completed 200 OK in 44ms (Views: 42.3ms | ActiveRecord: 0.5ms)


Started GET "/cats" for 127.0.0.1 at 2018-09-11 14:41:25 -0700
Processing by CatsController#index as HTML
  Rendering cats/index.html.erb within layouts/application
  [1m[36mCat Load (0.5ms)[0m  [1m[34mSELECT "cats".* FROM "cats"[0m
  ↳ app/views/cats/index.html.erb:3
  Rendered cats/index.html.erb within layouts/application (1.9ms)
Completed 200 OK in 25ms (Views: 23.7ms | ActiveRecord: 0.5ms)


Started GET "/cats/new" for 127.0.0.1 at 2018-09-11 14:41:41 -0700
Processing by CatsController#new as HTML
  Rendering cats/new.html.erb within layouts/application
  Rendered cats/new.html.erb within layouts/application (0.9ms)
Completed 200 OK in 40ms (Views: 39.1ms | ActiveRecord: 0.0ms)


Started POST "/cats" for 127.0.0.1 at 2018-09-11 14:42:53 -0700
Processing by CatsController#create as HTML
  Parameters: {"authenticity_token"=>"oJE/j4jAig2q/4v1u+H9V+83PYAhnpyxEgfDwMYQiYAAZtAVZVRMWwOEGGkL6j9tOhx7XfE91my2ggqodW0jfQ==", "cat"=>{"name"=>"Mary", "sex"=>"F", "color"=>"yellow", "birth_date"=>"2018-08-15", "description"=>"fhieowhfwpi"}}
  [1m[35m (0.3ms)[0m  [1m[35mBEGIN[0m
  ↳ app/controllers/cats_controller.rb:19
  [1m[36mCat Create (0.7ms)[0m  [1m[32mINSERT INTO "cats" ("birth_date", "color", "name", "sex", "description", "created_at", "updated_at") VALUES ($1, $2, $3, $4, $5, $6, $7) RETURNING "id"[0m  [["birth_date", "2018-08-15"], ["color", "yellow"], ["name", "Mary"], ["sex", "F"], ["description", "fhieowhfwpi"], ["created_at", "2018-09-11 21:42:53.998784"], ["updated_at", "2018-09-11 21:42:53.998784"]]
  ↳ app/controllers/cats_controller.rb:19
  [1m[35m (0.6ms)[0m  [1m[35mCOMMIT[0m
  ↳ app/controllers/cats_controller.rb:19
Redirected to http://localhost:3000/cats/4
Completed 302 Found in 7ms (ActiveRecord: 1.5ms)


Started GET "/cats/4" for 127.0.0.1 at 2018-09-11 14:42:54 -0700
Processing by CatsController#show as HTML
  Parameters: {"id"=>"4"}
  [1m[36mCat Load (0.5ms)[0m  [1m[34mSELECT  "cats".* FROM "cats" WHERE "cats"."id" = $1 LIMIT $2[0m  [["id", 4], ["LIMIT", 1]]
  ↳ app/controllers/cats_controller.rb:8
  Rendering cats/show.html.erb within layouts/application
  Rendered cats/show.html.erb within layouts/application (1.0ms)
Completed 200 OK in 81ms (Views: 79.5ms | ActiveRecord: 0.5ms)


Started GET "/cats/new" for 127.0.0.1 at 2018-09-11 14:44:21 -0700
Processing by CatsController#new as HTML
  Rendering cats/new.html.erb within layouts/application
  Rendered cats/new.html.erb within layouts/application (2.4ms)
Completed 200 OK in 174ms (Views: 173.4ms | ActiveRecord: 0.0ms)


Started POST "/cats" for 127.0.0.1 at 2018-09-11 14:44:32 -0700
Processing by CatsController#create as HTML
  Parameters: {"authenticity_token"=>"+kaiBCV3OMHUhFbw3sDzL5WsCLQBmFpmm198YL9qmNdasU2eyOP+l33/xWxuyzEVQIdOadE7ELs/2rUIDBcyKg==", "cat"=>{"name"=>"Harry", "sex"=>"M", "color"=>"yellow", "birth_date"=>"2018-09-07", "description"=>"fewiohf"}}
  [1m[35m (0.3ms)[0m  [1m[35mBEGIN[0m
  ↳ app/controllers/cats_controller.rb:19
  [1m[36mCat Create (0.7ms)[0m  [1m[32mINSERT INTO "cats" ("birth_date", "color", "name", "sex", "description", "created_at", "updated_at") VALUES ($1, $2, $3, $4, $5, $6, $7) RETURNING "id"[0m  [["birth_date", "2018-09-07"], ["color", "yellow"], ["name", "Harry"], ["sex", "M"], ["description", "fewiohf"], ["created_at", "2018-09-11 21:44:32.733117"], ["updated_at", "2018-09-11 21:44:32.733117"]]
  ↳ app/controllers/cats_controller.rb:19
  [1m[35m (0.8ms)[0m  [1m[35mCOMMIT[0m
  ↳ app/controllers/cats_controller.rb:19
Redirected to http://localhost:3000/cats/5
Completed 302 Found in 8ms (ActiveRecord: 1.8ms)


Started GET "/cats/5" for 127.0.0.1 at 2018-09-11 14:44:32 -0700
Processing by CatsController#show as HTML
  Parameters: {"id"=>"5"}
  [1m[36mCat Load (0.5ms)[0m  [1m[34mSELECT  "cats".* FROM "cats" WHERE "cats"."id" = $1 LIMIT $2[0m  [["id", 5], ["LIMIT", 1]]
  ↳ app/controllers/cats_controller.rb:8
  Rendering cats/show.html.erb within layouts/application
  Rendered cats/show.html.erb within layouts/application (0.9ms)
Completed 200 OK in 72ms (Views: 70.3ms | ActiveRecord: 0.5ms)


Started GET "/cats/5/edit" for 127.0.0.1 at 2018-09-11 14:46:21 -0700
Processing by CatsController#edit as HTML
  Parameters: {"id"=>"5"}
  Rendering cats/edit.html.erb within layouts/application
  Rendered cats/edit.html.erb within layouts/application (5.7ms)
Completed 500 Internal Server Error in 33ms (ActiveRecord: 0.0ms)



ActionController::UrlGenerationError - No route matches {:action=>"show", :controller=>"cats", :id=>nil}, missing required keys: [:id]:
  app/views/cats/edit.html.erb:1:in `_app_views_cats_edit_html_erb__3583619840406356683_70225823765120'

Started POST "/__better_errors/5e283d389022a2f6/variables" for 127.0.0.1 at 2018-09-11 14:46:21 -0700
Started GET "/cats/5/edit" for 127.0.0.1 at 2018-09-11 14:54:37 -0700
Processing by CatsController#edit as HTML
  Parameters: {"id"=>"5"}
  [1m[36mCat Load (0.9ms)[0m  [1m[34mSELECT  "cats".* FROM "cats" WHERE "cats"."id" = $1 LIMIT $2[0m  [["id", 5], ["LIMIT", 1]]
  ↳ app/controllers/cats_controller.rb:27
  Rendering cats/edit.html.erb within layouts/application
  Rendered cats/edit.html.erb within layouts/application (403.7ms)
Completed 500 Internal Server Error in 458ms (ActiveRecord: 12.9ms)



NameError - undefined local variable or method `selected' for #<#<Class:0x00007fbd748a0a00>:0x00007fbd7489a650>
Did you mean?  select:
  app/views/cats/edit.html.erb:16:in `block in _app_views_cats_edit_html_erb__3583619840406356683_70225840359680'
  app/views/cats/edit.html.erb:15:in `_app_views_cats_edit_html_erb__3583619840406356683_70225840359680'
  app/controllers/cats_controller.rb:28:in `edit'

Started POST "/__better_errors/6f861a455169a509/variables" for 127.0.0.1 at 2018-09-11 14:54:38 -0700
Started GET "/cats/5/edit" for 127.0.0.1 at 2018-09-11 14:54:51 -0700
Processing by CatsController#edit as HTML
  Parameters: {"id"=>"5"}
  [1m[36mCat Load (0.5ms)[0m  [1m[34mSELECT  "cats".* FROM "cats" WHERE "cats"."id" = $1 LIMIT $2[0m  [["id", 5], ["LIMIT", 1]]
  ↳ app/controllers/cats_controller.rb:27
  Rendering cats/edit.html.erb within layouts/application
  Rendered cats/edit.html.erb within layouts/application (0.9ms)
Completed 200 OK in 136ms (Views: 134.2ms | ActiveRecord: 0.5ms)


Started GET "/cats/5/edit" for 127.0.0.1 at 2018-09-11 14:55:42 -0700
Processing by CatsController#edit as HTML
  Parameters: {"id"=>"5"}
  [1m[36mCat Load (0.5ms)[0m  [1m[34mSELECT  "cats".* FROM "cats" WHERE "cats"."id" = $1 LIMIT $2[0m  [["id", 5], ["LIMIT", 1]]
  ↳ app/controllers/cats_controller.rb:27
  Rendering cats/edit.html.erb within layouts/application
  Rendered cats/edit.html.erb within layouts/application (1.1ms)
Completed 200 OK in 28ms (Views: 25.9ms | ActiveRecord: 0.5ms)


Started GET "/cats/new" for 127.0.0.1 at 2018-09-11 14:57:17 -0700
Processing by CatsController#new as HTML
  Rendering cats/new.html.erb within layouts/application
  Rendered cats/new.html.erb within layouts/application (1.2ms)
Completed 200 OK in 33ms (Views: 32.6ms | ActiveRecord: 0.0ms)


Started POST "/cats" for 127.0.0.1 at 2018-09-11 14:57:35 -0700
Processing by CatsController#create as HTML
  Parameters: {"authenticity_token"=>"jg5yfiXqvwndXcZjM6QBTt8H7ZWawpdVYadjiOw8K+Au+Z3kyH55X3QmVf+Dr8N0CiyrSEph3YjFIqrgX0GBHQ==", "cat"=>{"name"=>"Paris Hilton", "sex"=>"F", "color"=>"green", "birth_date"=>"2018-09-05", "description"=>"fhewofhwu"}}
  [1m[35m (0.3ms)[0m  [1m[35mBEGIN[0m
  ↳ app/controllers/cats_controller.rb:19
  [1m[36mCat Create (1.6ms)[0m  [1m[32mINSERT INTO "cats" ("birth_date", "color", "name", "sex", "description", "created_at", "updated_at") VALUES ($1, $2, $3, $4, $5, $6, $7) RETURNING "id"[0m  [["birth_date", "2018-09-05"], ["color", "green"], ["name", "Paris Hilton"], ["sex", "F"], ["description", "fhewofhwu"], ["created_at", "2018-09-11 21:57:35.367066"], ["updated_at", "2018-09-11 21:57:35.367066"]]
  ↳ app/controllers/cats_controller.rb:19
  [1m[35m (40.0ms)[0m  [1m[35mCOMMIT[0m
  ↳ app/controllers/cats_controller.rb:19
Redirected to http://localhost:3000/cats/6
Completed 302 Found in 48ms (ActiveRecord: 41.9ms)


Started GET "/cats/6" for 127.0.0.1 at 2018-09-11 14:57:35 -0700
Processing by CatsController#show as HTML
  Parameters: {"id"=>"6"}
  [1m[36mCat Load (0.6ms)[0m  [1m[34mSELECT  "cats".* FROM "cats" WHERE "cats"."id" = $1 LIMIT $2[0m  [["id", 6], ["LIMIT", 1]]
  ↳ app/controllers/cats_controller.rb:8
  Rendering cats/show.html.erb within layouts/application
  Rendered cats/show.html.erb within layouts/application (1.3ms)
Completed 200 OK in 58ms (Views: 55.7ms | ActiveRecord: 0.6ms)


Started GET "/cats/" for 127.0.0.1 at 2018-09-11 14:58:02 -0700
Processing by CatsController#index as HTML
  Rendering cats/index.html.erb within layouts/application
  [1m[36mCat Load (0.5ms)[0m  [1m[34mSELECT "cats".* FROM "cats"[0m
  ↳ app/views/cats/index.html.erb:3
  Rendered cats/index.html.erb within layouts/application (2.2ms)
Completed 200 OK in 25ms (Views: 23.7ms | ActiveRecord: 0.5ms)


Started GET "/cats/new" for 127.0.0.1 at 2018-09-11 15:19:50 -0700
Processing by CatsController#new as HTML
  Rendering cats/new.html.erb within layouts/application
  Rendered cats/_form.html.erb (1.8ms)
  Rendered cats/new.html.erb within layouts/application (5.7ms)
Completed 200 OK in 190ms (Views: 189.6ms | ActiveRecord: 0.0ms)


Started POST "/cats" for 127.0.0.1 at 2018-09-11 15:20:04 -0700
Processing by CatsController#create as HTML
  Parameters: {"authenticity_token"=>"1ZPHBttvXlL/nDV69GiYBTE+frZ/YbBo6AAFjNomjHt1ZCicNvuYBFbnpuZEY1o/5BU4a6/C+rVMhczkaVsmhg==", "cat"=>{"name"=>"my mom", "sex"=>"F", "color"=>"yellow", "birth_date"=>"2018-09-06", "description"=>"feuwifgwou"}}
  [1m[35m (0.4ms)[0m  [1m[35mBEGIN[0m
  ↳ app/controllers/cats_controller.rb:19
  [1m[36mCat Create (2.0ms)[0m  [1m[32mINSERT INTO "cats" ("birth_date", "color", "name", "sex", "description", "created_at", "updated_at") VALUES ($1, $2, $3, $4, $5, $6, $7) RETURNING "id"[0m  [["birth_date", "2018-09-06"], ["color", "yellow"], ["name", "my mom"], ["sex", "F"], ["description", "feuwifgwou"], ["created_at", "2018-09-11 22:20:04.873000"], ["updated_at", "2018-09-11 22:20:04.873000"]]
  ↳ app/controllers/cats_controller.rb:19
  [1m[35m (41.4ms)[0m  [1m[35mCOMMIT[0m
  ↳ app/controllers/cats_controller.rb:19
Redirected to http://localhost:3000/cats/7
Completed 302 Found in 51ms (ActiveRecord: 43.7ms)


Started GET "/cats/7" for 127.0.0.1 at 2018-09-11 15:20:04 -0700
Processing by CatsController#show as HTML
  Parameters: {"id"=>"7"}
  [1m[36mCat Load (0.6ms)[0m  [1m[34mSELECT  "cats".* FROM "cats" WHERE "cats"."id" = $1 LIMIT $2[0m  [["id", 7], ["LIMIT", 1]]
  ↳ app/controllers/cats_controller.rb:8
  Rendering cats/show.html.erb within layouts/application
  Rendered cats/show.html.erb within layouts/application (0.7ms)
Completed 200 OK in 50ms (Views: 47.5ms | ActiveRecord: 0.8ms)


Started GET "/cats/7/edit" for 127.0.0.1 at 2018-09-11 15:20:10 -0700
Processing by CatsController#edit as HTML
  Parameters: {"id"=>"7"}
  [1m[36mCat Load (0.5ms)[0m  [1m[34mSELECT  "cats".* FROM "cats" WHERE "cats"."id" = $1 LIMIT $2[0m  [["id", 7], ["LIMIT", 1]]
  ↳ app/controllers/cats_controller.rb:27
  Rendering cats/edit.html.erb within layouts/application
  Rendered cats/_form.html.erb (1.3ms)
  Rendered cats/edit.html.erb within layouts/application (4.0ms)
Completed 200 OK in 26ms (Views: 24.8ms | ActiveRecord: 0.5ms)


Started PATCH "/cats/7" for 127.0.0.1 at 2018-09-11 15:20:14 -0700
Processing by CatsController#update as HTML
  Parameters: {"authenticity_token"=>"esxL4Lk2dfctlkZv//ChCUCp9Wl5simOZllD/INNqU/aO6R6VKKzoYTt1fNP+2MzlYKztKkRY1PC3IqUMDADsg==", "cat"=>{"name"=>"my mom", "sex"=>"F", "color"=>"yellow", "birth_date"=>"2018-09-06", "description"=>"fjeipfhwoiefhwiohf"}, "id"=>"7"}
  [1m[36mCat Load (0.6ms)[0m  [1m[34mSELECT  "cats".* FROM "cats" WHERE "cats"."id" = $1 LIMIT $2[0m  [["id", 7], ["LIMIT", 1]]
  ↳ app/controllers/cats_controller.rb:32
  [1m[35m (0.2ms)[0m  [1m[35mBEGIN[0m
  ↳ app/controllers/cats_controller.rb:33
  [1m[36mCat Update (31.6ms)[0m  [1m[33mUPDATE "cats" SET "description" = $1, "updated_at" = $2 WHERE "cats"."id" = $3[0m  [["description", "fjeipfhwoiefhwiohf"], ["updated_at", "2018-09-11 22:20:14.584912"], ["id", 7]]
  ↳ app/controllers/cats_controller.rb:33
  [1m[35m (0.6ms)[0m  [1m[35mCOMMIT[0m
  ↳ app/controllers/cats_controller.rb:33
Redirected to http://localhost:3000/cats/7
Completed 302 Found in 80ms (ActiveRecord: 33.0ms)


Started GET "/cats/7" for 127.0.0.1 at 2018-09-11 15:20:14 -0700
Processing by CatsController#show as HTML
  Parameters: {"id"=>"7"}
  [1m[36mCat Load (0.4ms)[0m  [1m[34mSELECT  "cats".* FROM "cats" WHERE "cats"."id" = $1 LIMIT $2[0m  [["id", 7], ["LIMIT", 1]]
  ↳ app/controllers/cats_controller.rb:8
  Rendering cats/show.html.erb within layouts/application
  Rendered cats/show.html.erb within layouts/application (0.9ms)
Completed 200 OK in 28ms (Views: 26.0ms | ActiveRecord: 0.4ms)


  [1m[35m (21.5ms)[0m  [1m[35mCREATE DATABASE "Cats99_development" ENCODING = 'unicode'[0m
  ↳ bin/rails:9
  [1m[35m (1.4ms)[0m  [1m[35mCREATE DATABASE "Cats99_test" ENCODING = 'unicode'[0m
  ↳ bin/rails:9
  [1m[35m (0.3ms)[0m  [1m[34mSELECT pg_try_advisory_lock(6613552763082678525)[0m
  ↳ bin/rails:9
  [1m[35m (1.1ms)[0m  [1m[34mSELECT "schema_migrations"."version" FROM "schema_migrations" ORDER BY "schema_migrations"."version" ASC[0m
  ↳ bin/rails:9
Migrating to CreateCatRentalRequests (20180911222242)
  [1m[35m (0.3ms)[0m  [1m[35mBEGIN[0m
  ↳ bin/rails:9
  [1m[35m (42.4ms)[0m  [1m[35mCREATE TABLE "cat_rental_requests" ("id" bigserial primary key, "cat_id" integer NOT NULL, "start_date" date NOT NULL, "end_date" date NOT NULL, "status" character varying DEFAULT 'PENDING', "created_at" timestamp NOT NULL, "updated_at" timestamp NOT NULL)[0m
  ↳ db/migrate/20180911222242_create_cat_rental_requests.rb:3
  [1m[35m (1.7ms)[0m  [1m[35mCREATE UNIQUE INDEX  "index_cat_rental_requests_on_cat_id" ON "cat_rental_requests"  ("cat_id")[0m
  ↳ db/migrate/20180911222242_create_cat_rental_requests.rb:10
  [1m[36mActiveRecord::SchemaMigration Create (0.9ms)[0m  [1m[32mINSERT INTO "schema_migrations" ("version") VALUES ($1) RETURNING "version"[0m  [["version", "20180911222242"]]
  ↳ bin/rails:9
  [1m[35m (1.3ms)[0m  [1m[35mCOMMIT[0m
  ↳ bin/rails:9
  [1m[36mActiveRecord::InternalMetadata Load (0.6ms)[0m  [1m[34mSELECT  "ar_internal_metadata".* FROM "ar_internal_metadata" WHERE "ar_internal_metadata"."key" = $1 LIMIT $2[0m  [["key", "environment"], ["LIMIT", 1]]
  ↳ bin/rails:9
  [1m[35m (0.5ms)[0m  [1m[35mBEGIN[0m
  ↳ bin/rails:9
  [1m[35m (0.3ms)[0m  [1m[35mCOMMIT[0m
  ↳ bin/rails:9
  [1m[35m (0.5ms)[0m  [1m[34mSELECT pg_advisory_unlock(6613552763082678525)[0m
  ↳ bin/rails:9
  [1m[35m (0.4ms)[0m  [1m[34mSELECT "schema_migrations"."version" FROM "schema_migrations" ORDER BY "schema_migrations"."version" ASC[0m
  ↳ bin/rails:9
  [1m[36mCat Load (0.9ms)[0m  [1m[34mSELECT  "cats".* FROM "cats" WHERE "cats"."id" = $1 LIMIT $2[0m  [["id", 1], ["LIMIT", 1]]
  [1m[36mCatRentalRequest Load (37.0ms)[0m  [1m[34mSELECT  "cat_rental_requests".* FROM "cat_rental_requests" WHERE "cat_rental_requests"."cat_id" = $1 LIMIT $2[0m  [["cat_id", 1], ["LIMIT", 1]]
  [1m[36mCatRentalRequest Load (0.7ms)[0m  [1m[34mSELECT  "cat_rental_requests".* FROM "cat_rental_requests" WHERE "cat_rental_requests"."cat_id" = $1 LIMIT $2[0m  [["cat_id", 1], ["LIMIT", 1]]
  [1m[36mCat Load (0.7ms)[0m  [1m[34mSELECT "cats".* FROM "cats"[0m
  [1m[36mCatRentalRequest Load (0.8ms)[0m  [1m[34mSELECT "cat_rental_requests".* FROM "cat_rental_requests"[0m
  [1m[35m (0.3ms)[0m  [1m[35mBEGIN[0m
  [1m[36mCat Load (0.6ms)[0m  [1m[34mSELECT  "cats".* FROM "cats" WHERE "cats"."id" = $1 LIMIT $2[0m  [["id", 1], ["LIMIT", 1]]
  [1m[36mCatRentalRequest Create (2.5ms)[0m  [1m[32mINSERT INTO "cat_rental_requests" ("cat_id", "start_date", "end_date", "created_at", "updated_at") VALUES ($1, $2, $3, $4, $5) RETURNING "id"[0m  [["cat_id", 1], ["start_date", "2015-01-20"], ["end_date", "2016-01-20"], ["created_at", "2018-09-11 23:18:53.856869"], ["updated_at", "2018-09-11 23:18:53.856869"]]
  [1m[35m (46.6ms)[0m  [1m[35mCOMMIT[0m
  [1m[36mCatRentalRequest Load (0.6ms)[0m  [1m[34mSELECT "cat_rental_requests".* FROM "cat_rental_requests"[0m
  [1m[36mCatRentalRequest Load (0.7ms)[0m  [1m[34mSELECT  "cat_rental_requests".* FROM "cat_rental_requests" WHERE "cat_rental_requests"."cat_id" = $1 LIMIT $2[0m  [["cat_id", 1], ["LIMIT", 1]]
  [1m[36mCatRentalRequest Load (0.4ms)[0m  [1m[34mSELECT "cat_rental_requests".* FROM "cat_rental_requests" WHERE "cat_rental_requests"."cat_id" = $1[0m  [["cat_id", 1]]
  [1m[36mCatRentalRequest Load (0.8ms)[0m  [1m[34mSELECT  "cat_rental_requests".* FROM "cat_rental_requests" WHERE "cat_rental_requests"."cat_id" = $1 LIMIT $2[0m  [["cat_id", 1], ["LIMIT", 11]]
  [1m[36mCatRentalRequest Load (0.7ms)[0m  [1m[34mSELECT  "cat_rental_requests".* FROM "cat_rental_requests" WHERE "cat_rental_requests"."cat_id" = $1 LIMIT $2[0m  [["cat_id", 1], ["LIMIT", 11]]
  [1m[36mCatRentalRequest Load (54.7ms)[0m  [1m[34mSELECT "cat_rental_requests".* FROM "cat_rental_requests" WHERE "cat_rental_requests"."cat_id" = $1 AND ('2015-05-01' BETWEEN CatRentalRequest.start_date AND CatRentalRequest.end_date)[0m  [["cat_id", 1]]
  [1m[36mCatRentalRequest Load (2.1ms)[0m  [1m[34mSELECT  "cat_rental_requests".* FROM "cat_rental_requests" WHERE "cat_rental_requests"."cat_id" = $1 AND ('2015-05-01' BETWEEN CatRentalRequest.start_date AND CatRentalRequest.end_date) LIMIT $2[0m  [["cat_id", 1], ["LIMIT", 11]]
  [1m[35m (1.7ms)[0m  [1m[34mSELECT "cat_rental_requests"."id" FROM "cat_rental_requests" WHERE "cat_rental_requests"."cat_id" = $1 AND ('2015-05-01' BETWEEN CatRentalRequest.start_date AND CatRentalRequest.end_date)[0m  [["cat_id", 1]]
  [1m[35m (47.3ms)[0m  [1m[34mSELECT "cat_rental_requests"."id" FROM "cat_rental_requests" WHERE "cat_rental_requests"."cat_id" = $1 AND ('2015-05-01' BETWEEN start_date AND end_date)[0m  [["cat_id", 1]]
  [1m[36mCatRentalRequest Load (0.8ms)[0m  [1m[34mSELECT "cat_rental_requests".* FROM "cat_rental_requests" WHERE "cat_rental_requests"."cat_id" = $1 AND ('2015-05-01' BETWEEN start_date AND end_date)[0m  [["cat_id", 1]]
  [1m[36mCatRentalRequest Load (0.9ms)[0m  [1m[34mSELECT "cat_rental_requests".* FROM "cat_rental_requests" WHERE "cat_rental_requests"."cat_id" = $1 AND ('2015-05-01' BETWEEN start_date AND end_date)[0m  [["cat_id", 1]]
  [1m[36mCatRentalRequest Load (0.9ms)[0m  [1m[34mSELECT  "cat_rental_requests".* FROM "cat_rental_requests" WHERE "cat_rental_requests"."cat_id" = $1 AND ('2015-05-01' BETWEEN start_date AND end_date) LIMIT $2[0m  [["cat_id", 1], ["LIMIT", 11]]
  [1m[36mCatRentalRequest Load (0.8ms)[0m  [1m[34mSELECT "cat_rental_requests".* FROM "cat_rental_requests" WHERE "cat_rental_requests"."cat_id" = $1 AND ('2015-05-01' BETWEEN start_date AND end_date)[0m  [["cat_id", 1]]
  [1m[36mCatRentalRequest Load (0.7ms)[0m  [1m[34mSELECT "cat_rental_requests".* FROM "cat_rental_requests" WHERE "cat_rental_requests"."cat_id" = $1 AND ('2015-06-01' BETWEEN start_date AND end_date)[0m  [["cat_id", 1]]
  [1m[36mCatRentalRequest Load (0.9ms)[0m  [1m[34mSELECT "cat_rental_requests".* FROM "cat_rental_requests" WHERE "cat_rental_requests"."cat_id" = $1 AND ('2015-05-01' BETWEEN start_date AND end_date AND '2015-06-01' BETWEEN start_date AND end_date)[0m  [["cat_id", 1]]
  [1m[36mCatRentalRequest Load (83.8ms)[0m  [1m[34mSELECT DISTINCT "cat_rental_requests".* FROM "cat_rental_requests" WHERE "cat_rental_requests"."cat_id" = $1 AND ('2015-05-01' BETWEEN start_date AND end_date AND '2015-06-01' BETWEEN start_date AND end_date)[0m  [["cat_id", 1]]
  [1m[36mCatRentalRequest Load (1.0ms)[0m  [1m[34mSELECT DISTINCT "cat_rental_requests".* FROM "cat_rental_requests" WHERE "cat_rental_requests"."cat_id" = $1 AND ('2015-04-01' BETWEEN start_date AND end_date AND '2015-06-02' BETWEEN start_date AND end_date)[0m  [["cat_id", 1]]
  [1m[35m (0.3ms)[0m  [1m[35mBEGIN[0m
  [1m[35m (0.3ms)[0m  [1m[31mROLLBACK[0m
  [1m[35m (0.3ms)[0m  [1m[35mBEGIN[0m
  [1m[36mCat Load (0.4ms)[0m  [1m[34mSELECT  "cats".* FROM "cats" WHERE "cats"."id" = $1 LIMIT $2[0m  [["id", 1], ["LIMIT", 1]]
  [1m[36mCatRentalRequest Create (21.4ms)[0m  [1m[32mINSERT INTO "cat_rental_requests" ("cat_id", "start_date", "end_date", "created_at", "updated_at") VALUES ($1, $2, $3, $4, $5) RETURNING "id"[0m  [["cat_id", 1], ["start_date", "2015-04-01"], ["end_date", "2015-06-02"], ["created_at", "2018-09-12 00:06:18.230830"], ["updated_at", "2018-09-12 00:06:18.230830"]]
  [1m[35m (0.5ms)[0m  [1m[31mROLLBACK[0m
  [1m[35m (0.4ms)[0m  [1m[34mSELECT pg_try_advisory_lock(6613552763082678525)[0m
  ↳ bin/rails:9
  [1m[35m (1.0ms)[0m  [1m[34mSELECT "schema_migrations"."version" FROM "schema_migrations" ORDER BY "schema_migrations"."version" ASC[0m
  ↳ bin/rails:9
Migrating to DeleteIndex (20180912000756)
  [1m[35m (0.3ms)[0m  [1m[35mBEGIN[0m
  ↳ bin/rails:9
  [1m[35m (44.8ms)[0m  [1m[35mDROP INDEX  "index_cat_rental_requests_on_cat_id"[0m
  ↳ db/migrate/20180912000756_delete_index.rb:3
  [1m[35m (13.5ms)[0m  [1m[35mCREATE  INDEX  "index_cat_rental_requests_on_cat_id" ON "cat_rental_requests"  ("cat_id")[0m
  ↳ db/migrate/20180912000756_delete_index.rb:4
  [1m[36mActiveRecord::SchemaMigration Create (0.6ms)[0m  [1m[32mINSERT INTO "schema_migrations" ("version") VALUES ($1) RETURNING "version"[0m  [["version", "20180912000756"]]
  ↳ bin/rails:9
  [1m[35m (1.8ms)[0m  [1m[35mCOMMIT[0m
  ↳ bin/rails:9
  [1m[36mActiveRecord::InternalMetadata Load (0.7ms)[0m  [1m[34mSELECT  "ar_internal_metadata".* FROM "ar_internal_metadata" WHERE "ar_internal_metadata"."key" = $1 LIMIT $2[0m  [["key", "environment"], ["LIMIT", 1]]
  ↳ bin/rails:9
  [1m[35m (0.2ms)[0m  [1m[35mBEGIN[0m
  ↳ bin/rails:9
  [1m[35m (0.2ms)[0m  [1m[35mCOMMIT[0m
  ↳ bin/rails:9
  [1m[35m (0.4ms)[0m  [1m[34mSELECT pg_advisory_unlock(6613552763082678525)[0m
  ↳ bin/rails:9
  [1m[35m (0.3ms)[0m  [1m[34mSELECT "schema_migrations"."version" FROM "schema_migrations" ORDER BY "schema_migrations"."version" ASC[0m
  ↳ bin/rails:9
  [1m[35m (0.4ms)[0m  [1m[35mBEGIN[0m
  [1m[36mCat Load (0.7ms)[0m  [1m[34mSELECT  "cats".* FROM "cats" WHERE "cats"."id" = $1 LIMIT $2[0m  [["id", 1], ["LIMIT", 1]]
  [1m[36mCatRentalRequest Create (1.1ms)[0m  [1m[32mINSERT INTO "cat_rental_requests" ("cat_id", "start_date", "end_date", "created_at", "updated_at") VALUES ($1, $2, $3, $4, $5) RETURNING "id"[0m  [["cat_id", 1], ["start_date", "2015-04-01"], ["end_date", "2015-06-02"], ["created_at", "2018-09-12 00:09:58.302587"], ["updated_at", "2018-09-12 00:09:58.302587"]]
  [1m[35m (0.6ms)[0m  [1m[35mCOMMIT[0m
  [1m[36mCatRentalRequest Load (0.8ms)[0m  [1m[34mSELECT "cat_rental_requests".* FROM "cat_rental_requests"[0m
  [1m[35m (0.3ms)[0m  [1m[35mBEGIN[0m
  [1m[36mCat Load (0.5ms)[0m  [1m[34mSELECT  "cats".* FROM "cats" WHERE "cats"."id" = $1 LIMIT $2[0m  [["id", 1], ["LIMIT", 1]]
  [1m[36mCatRentalRequest Create (0.8ms)[0m  [1m[32mINSERT INTO "cat_rental_requests" ("cat_id", "start_date", "end_date", "created_at", "updated_at") VALUES ($1, $2, $3, $4, $5) RETURNING "id"[0m  [["cat_id", 1], ["start_date", "2015-05-01"], ["end_date", "2015-05-20"], ["created_at", "2018-09-12 00:11:52.678742"], ["updated_at", "2018-09-12 00:11:52.678742"]]
  [1m[35m (0.6ms)[0m  [1m[35mCOMMIT[0m
  [1m[36mCatRentalRequest Load (3.0ms)[0m  [1m[34mSELECT DISTINCT "cat_rental_requests".* FROM "cat_rental_requests" WHERE "cat_rental_requests"."cat_id" = $1 AND ('2015-05-01' BETWEEN start_date AND end_date AND '2015-05-20' BETWEEN start_date AND end_date)[0m  [["cat_id", 1]]
  [1m[35m (0.4ms)[0m  [1m[35mBEGIN[0m
  [1m[35m (0.4ms)[0m  [1m[31mROLLBACK[0m
  [1m[35m (0.4ms)[0m  [1m[35mBEGIN[0m
  [1m[35m (0.3ms)[0m  [1m[31mROLLBACK[0m
  [1m[35m (0.3ms)[0m  [1m[35mBEGIN[0m
  [1m[36mCatRentalRequest Exists (2.7ms)[0m  [1m[34mSELECT  1 AS one FROM "cat_rental_requests" WHERE "cat_rental_requests"."cat_id" = $1 AND ('2014-01-01' BETWEEN start_date AND end_date AND '2017-01-01' BETWEEN start_date AND end_date) AND "cat_rental_requests"."status" = $2 LIMIT $3[0m  [["cat_id", 1], ["status", "APPROVED"], ["LIMIT", 1]]
  [1m[36mCat Load (0.6ms)[0m  [1m[34mSELECT  "cats".* FROM "cats" WHERE "cats"."id" = $1 LIMIT $2[0m  [["id", 1], ["LIMIT", 1]]
  [1m[36mCatRentalRequest Create (1.0ms)[0m  [1m[32mINSERT INTO "cat_rental_requests" ("cat_id", "start_date", "end_date", "status", "created_at", "updated_at") VALUES ($1, $2, $3, $4, $5, $6) RETURNING "id"[0m  [["cat_id", 1], ["start_date", "2014-01-01"], ["end_date", "2017-01-01"], ["status", "APPROVED"], ["created_at", "2018-09-12 00:18:55.217803"], ["updated_at", "2018-09-12 00:18:55.217803"]]
  [1m[35m (6.1ms)[0m  [1m[35mCOMMIT[0m
  [1m[36mCatRentalRequest Exists (1.0ms)[0m  [1m[34mSELECT  1 AS one FROM "cat_rental_requests" WHERE "cat_rental_requests"."cat_id" = $1 AND ('2015-04-23' BETWEEN start_date AND end_date AND '2016-02-01' BETWEEN start_date AND end_date) AND "cat_rental_requests"."status" = $2 LIMIT $3[0m  [["cat_id", 1], ["status", "APPROVED"], ["LIMIT", 1]]
  [1m[36mCatRentalRequest Exists (1.0ms)[0m  [1m[34mSELECT  1 AS one FROM "cat_rental_requests" WHERE "cat_rental_requests"."cat_id" = $1 AND ('2015-04-23' BETWEEN start_date AND end_date AND '2016-02-01' BETWEEN start_date AND end_date) AND "cat_rental_requests"."status" = $2 LIMIT $3[0m  [["cat_id", 1], ["status", "APPROVED"], ["LIMIT", 1]]
  [1m[36mCat Load (0.6ms)[0m  [1m[34mSELECT  "cats".* FROM "cats" WHERE "cats"."id" = $1 LIMIT $2[0m  [["id", 1], ["LIMIT", 1]]
  [1m[35m (0.3ms)[0m  [1m[35mBEGIN[0m
  [1m[36mCatRentalRequest Exists (0.7ms)[0m  [1m[34mSELECT  1 AS one FROM "cat_rental_requests" WHERE "cat_rental_requests"."cat_id" = $1 AND ('2015-04-23' BETWEEN start_date AND end_date AND '2016-02-01' BETWEEN start_date AND end_date) AND "cat_rental_requests"."status" = $2 LIMIT $3[0m  [["cat_id", 1], ["status", "APPROVED"], ["LIMIT", 1]]
  [1m[35m (0.3ms)[0m  [1m[31mROLLBACK[0m
